{"meta": {"format": 3, "version": "7.13.1", "timestamp": "2026-07-12T20:25:45.640342", "branch_coverage": false, "show_contexts": false}, "files": {"src\\p13\\__init__.py": {"executed_lines": [], "summary": {"covered_lines": 0, "num_statements": 0, "percent_covered": 100.0, "percent_covered_display": "100", "missing_lines": 0, "excluded_lines": 0, "percent_statements_covered": 100.0, "percent_statements_covered_display": "100"}, "missing_lines": [], "excluded_lines": [], "functions": {"": {"executed_lines": [], "summary": {"covered_lines": 0, "num_statements": 0, "percent_covered": 100.0, "percent_covered_display": "100", "missing_lines": 0, "excluded_lines": 0, "percent_statements_covered": 100.0, "percent_statements_covered_display": "100"}, "missing_lines": [], "excluded_lines": [], "start_line": 1}}, "classes": {"": {"executed_lines": [], "summary": {"covered_lines": 0, "num_statements": 0, "percent_covered": 100.0, "percent_covered_display": "100", "missing_lines": 0, "excluded_lines": 0, "percent_statements_covered": 100.0, "percent_statements_covered_display": "100"}, "missing_lines": [], "excluded_lines": [], "start_line": 1}}}, "src\\p13\\config.py": {"executed_lines": [3, 4, 6, 7, 8, 9, 10, 12, 17, 18, 19, 21, 30, 76], "summary": {"covered_lines": 14, "num_statements": 14, "percent_covered": 100.0, "percent_covered_display": "100", "missing_lines": 0, "excluded_lines": 0, "percent_statements_covered": 100.0, "percent_statements_covered_display": "100"}, "missing_lines": [], "excluded_lines": [], "functions": {"": {"executed_lines": [3, 4, 6, 7, 8, 9, 10, 12, 17, 18, 19, 21, 30, 76], "summary": {"covered_lines": 14, "num_statements": 14, "percent_covered": 100.0, "percent_covered_display": "100", "missing_lines": 0, "excluded_lines": 0, "percent_statements_covered": 100.0, "percent_statements_covered_display": "100"}, "missing_lines": [], "excluded_lines": [], "start_line": 1}}, "classes": {"": {"executed_lines": [3, 4, 6, 7, 8, 9, 10, 12, 17, 18, 19, 21, 30, 76], "summary": {"covered_lines": 14, "num_statements": 14, "percent_covered": 100.0, "percent_covered_display": "100", "missing_lines": 0, "excluded_lines": 0, "percent_statements_covered": 100.0, "percent_statements_covered_display": "100"}, "missing_lines": [], "excluded_lines": [], "start_line": 1}}}, "src\\p13\\db.py": {"executed_lines": [3, 4, 6, 7, 8, 10, 12, 15, 17, 18, 19, 22, 23, 29, 30, 33, 39, 43], "summary": {"covered_lines": 18, "num_statements": 28, "percent_covered": 64.28571428571429, "percent_covered_display": "64", "missing_lines": 10, "excluded_lines": 0, "percent_statements_covered": 64.28571428571429, "percent_statements_covered_display": "64"}, "missing_lines": [24, 25, 26, 34, 35, 36, 40, 44, 45, 52], "excluded_lines": [], "functions": {"get_engine": {"executed_lines": [17, 18, 19], "summary": {"covered_lines": 3, "num_statements": 3, "percent_covered": 100.0, "percent_covered_display": "100", "missing_lines": 0, "excluded_lines": 0, "percent_statements_covered": 100.0, "percent_statements_covered_display": "100"}, "missing_lines": [], "excluded_lines": [], "start_line": 15}, "get_connection": {"executed_lines": [], "summary": {"covered_lines": 0, "num_statements": 3, "percent_covered": 0.0, "percent_covered_display": "0", "missing_lines": 3, "excluded_lines": 0, "percent_statements_covered": 0.0, "percent_statements_covered_display": "0"}, "missing_lines": [24, 25, 26], "excluded_lines": [], "start_line": 23}, "read_sql": {"executed_lines": [30], "summary": {"covered_lines": 1, "num_statements": 1, "percent_covered": 100.0, "percent_covered_display": "100", "missing_lines": 0, "excluded_lines": 0, "percent_statements_covered": 100.0, "percent_statements_covered_display": "100"}, "missing_lines": [], "excluded_lines": [], "start_line": 29}, "execute_sql": {"executed_lines": [], "summary": {"covered_lines": 0, "num_statements": 3, "percent_covered": 0.0, "percent_covered_display": "0", "missing_lines": 3, "excluded_lines": 0, "percent_statements_covered": 0.0, "percent_statements_covered_display": "0"}, "missing_lines": [34, 35, 36], "excluded_lines": [], "start_line": 33}, "truncate_table": {"executed_lines": [], "summary": {"covered_lines": 0, "num_statements": 1, "percent_covered": 0.0, "percent_covered_display": "0", "missing_lines": 1, "excluded_lines": 0, "percent_statements_covered": 0.0, "percent_statements_covered_display": "0"}, "missing_lines": [40], "excluded_lines": [], "start_line": 39}, "log_etl_run": {"executed_lines": [], "summary": {"covered_lines": 0, "num_statements": 3, "percent_covered": 0.0, "percent_covered_display": "0", "missing_lines": 3, "excluded_lines": 0, "percent_statements_covered": 0.0, "percent_statements_covered_display": "0"}, "missing_lines": [44, 45, 52], "excluded_lines": [], "start_line": 43}, "": {"executed_lines": [3, 4, 6, 7, 8, 10, 12, 15, 22, 23, 29, 33, 39, 43], "summary": {"covered_lines": 14, "num_statements": 14, "percent_covered": 100.0, "percent_covered_display": "100", "missing_lines": 0, "excluded_lines": 0, "percent_statements_covered": 100.0, "percent_statements_covered_display": "100"}, "missing_lines": [], "excluded_lines": [], "start_line": 1}}, "classes": {"": {"executed_lines": [3, 4, 6, 7, 8, 10, 12, 15, 17, 18, 19, 22, 23, 29, 30, 33, 39, 43], "summary": {"covered_lines": 18, "num_statements": 28, "percent_covered": 64.28571428571429, "percent_covered_display": "64", "missing_lines": 10, "excluded_lines": 0, "percent_statements_covered": 64.28571428571429, "percent_statements_covered_display": "64"}, "missing_lines": [24, 25, 26, 34, 35, 36, 40, 44, 45, 52], "excluded_lines": [], "start_line": 1}}}, "src\\p13\\ml\\__init__.py": {"executed_lines": [], "summary": {"covered_lines": 0, "num_statements": 0, "percent_covered": 100.0, "percent_covered_display": "100", "missing_lines": 0, "excluded_lines": 0, "percent_statements_covered": 100.0, "percent_statements_covered_display": "100"}, "missing_lines": [], "excluded_lines": [], "functions": {"": {"executed_lines": [], "summary": {"covered_lines": 0, "num_statements": 0, "percent_covered": 100.0, "percent_covered_display": "100", "missing_lines": 0, "excluded_lines": 0, "percent_statements_covered": 100.0, "percent_statements_covered_display": "100"}, "missing_lines": [], "excluded_lines": [], "start_line": 1}}, "classes": {"": {"executed_lines": [], "summary": {"covered_lines": 0, "num_statements": 0, "percent_covered": 100.0, "percent_covered_display": "100", "missing_lines": 0, "excluded_lines": 0, "percent_statements_covered": 100.0, "percent_statements_covered_display": "100"}, "missing_lines": [], "excluded_lines": [], "start_line": 1}}}, "src\\p13\\ml\\feature_engineering.py": {"executed_lines": [3, 5, 6, 7, 14, 24, 27, 28, 31, 32, 37, 38, 41, 42, 43, 45, 52, 73, 74, 75, 76, 79, 82, 93, 94, 95, 96, 103, 128, 129, 130, 131, 133, 135, 136, 138, 141, 142, 145, 146, 153, 155, 158, 164, 166, 168, 169, 170, 171, 172, 173, 174, 175, 182, 206, 207, 209, 210, 232, 251, 252, 253, 254, 255, 256], "summary": {"covered_lines": 65, "num_statements": 69, "percent_covered": 94.20289855072464, "percent_covered_display": "94", "missing_lines": 4, "excluded_lines": 0, "percent_statements_covered": 94.20289855072464, "percent_statements_covered_display": "94"}, "missing_lines": [137, 165, 167, 219], "excluded_lines": [], "functions": {"add_interaction_features": {"executed_lines": [24, 27, 28, 31, 32, 37, 38, 41, 42, 43, 45], "summary": {"covered_lines": 11, "num_statements": 11, "percent_covered": 100.0, "percent_covered_display": "100", "missing_lines": 0, "excluded_lines": 0, "percent_statements_covered": 100.0, "percent_statements_covered_display": "100"}, "missing_lines": [], "excluded_lines": [], "start_line": 14}, "target_encode": {"executed_lines": [73, 74, 75, 76, 79], "summary": {"covered_lines": 5, "num_statements": 5, "percent_covered": 100.0, "percent_covered_display": "100", "missing_lines": 0, "excluded_lines": 0, "percent_statements_covered": 100.0, "percent_statements_covered_display": "100"}, "missing_lines": [], "excluded_lines": [], "start_line": 52}, "encode_commune": {"executed_lines": [93, 94, 95, 96], "summary": {"covered_lines": 4, "num_statements": 4, "percent_covered": 100.0, "percent_covered_display": "100", "missing_lines": 0, "excluded_lines": 0, "percent_statements_covered": 100.0, "percent_statements_covered_display": "100"}, "missing_lines": [], "excluded_lines": [], "start_line": 82}, "add_lag_features": {"executed_lines": [128, 129, 130, 131, 133, 135, 136, 138, 141, 142, 145, 146, 153, 155], "summary": {"covered_lines": 14, "num_statements": 15, "percent_covered": 93.33333333333333, "percent_covered_display": "93", "missing_lines": 1, "excluded_lines": 0, "percent_statements_covered": 93.33333333333333, "percent_statements_covered_display": "93"}, "missing_lines": [137], "excluded_lines": [], "start_line": 103}, "get_lag_feature_names": {"executed_lines": [164, 166, 168, 169, 170, 171, 172, 173, 174, 175], "summary": {"covered_lines": 10, "num_statements": 12, "percent_covered": 83.33333333333333, "percent_covered_display": "83", "missing_lines": 2, "excluded_lines": 0, "percent_statements_covered": 83.33333333333333, "percent_statements_covered_display": "83"}, "missing_lines": [165, 167], "excluded_lines": [], "start_line": 158}, "spatial_cross_validate": {"executed_lines": [206, 207, 209, 210], "summary": {"covered_lines": 4, "num_statements": 5, "percent_covered": 80.0, "percent_covered_display": "80", "missing_lines": 1, "excluded_lines": 0, "percent_statements_covered": 80.0, "percent_statements_covered_display": "80"}, "missing_lines": [219], "excluded_lines": [], "start_line": 182}, "spatial_train_test_split": {"executed_lines": [251, 252, 253, 254, 255, 256], "summary": {"covered_lines": 6, "num_statements": 6, "percent_covered": 100.0, "percent_covered_display": "100", "missing_lines": 0, "excluded_lines": 0, "percent_statements_covered": 100.0, "percent_statements_covered_display": "100"}, "missing_lines": [], "excluded_lines": [], "start_line": 232}, "": {"executed_lines": [3, 5, 6, 7, 14, 52, 82, 103, 158, 182, 232], "summary": {"covered_lines": 11, "num_statements": 11, "percent_covered": 100.0, "percent_covered_display": "100", "missing_lines": 0, "excluded_lines": 0, "percent_statements_covered": 100.0, "percent_statements_covered_display": "100"}, "missing_lines": [], "excluded_lines": [], "start_line": 1}}, "classes": {"": {"executed_lines": [3, 5, 6, 7, 14, 24, 27, 28, 31, 32, 37, 38, 41, 42, 43, 45, 52, 73, 74, 75, 76, 79, 82, 93, 94, 95, 96, 103, 128, 129, 130, 131, 133, 135, 136, 138, 141, 142, 145, 146, 153, 155, 158, 164, 166, 168, 169, 170, 171, 172, 173, 174, 175, 182, 206, 207, 209, 210, 232, 251, 252, 253, 254, 255, 256], "summary": {"covered_lines": 65, "num_statements": 69, "percent_covered": 94.20289855072464, "percent_covered_display": "94", "missing_lines": 4, "excluded_lines": 0, "percent_statements_covered": 94.20289855072464, "percent_statements_covered_display": "94"}, "missing_lines": [137, 165, 167, 219], "excluded_lines": [], "start_line": 1}}}, "src\\p13\\ml\\features.py": {"executed_lines": [3, 21, 31, 43, 44, 45, 47, 52, 60, 66, 67, 70, 90], "summary": {"covered_lines": 13, "num_statements": 13, "percent_covered": 100.0, "percent_covered_display": "100", "missing_lines": 0, "excluded_lines": 0, "percent_statements_covered": 100.0, "percent_statements_covered_display": "100"}, "missing_lines": [], "excluded_lines": [], "functions": {"": {"executed_lines": [3, 21, 31, 43, 44, 45, 47, 52, 60, 66, 67, 70, 90], "summary": {"covered_lines": 13, "num_statements": 13, "percent_covered": 100.0, "percent_covered_display": "100", "missing_lines": 0, "excluded_lines": 0, "percent_statements_covered": 100.0, "percent_statements_covered_display": "100"}, "missing_lines": [], "excluded_lines": [], "start_line": 1}}, "classes": {"": {"executed_lines": [3, 21, 31, 43, 44, 45, 47, 52, 60, 66, 67, 70, 90], "summary": {"covered_lines": 13, "num_statements": 13, "percent_covered": 100.0, "percent_covered_display": "100", "missing_lines": 0, "excluded_lines": 0, "percent_statements_covered": 100.0, "percent_statements_covered_display": "100"}, "missing_lines": [], "excluded_lines": [], "start_line": 1}}}, "src\\p13\\ml\\predict.py": {"executed_lines": [3, 5, 7, 8, 9, 11, 12, 13, 14, 24, 33, 46, 98, 132, 154, 198, 223, 252, 253, 254, 255, 256, 258], "summary": {"covered_lines": 23, "num_statements": 94, "percent_covered": 24.46808510638298, "percent_covered_display": "24", "missing_lines": 71, "excluded_lines": 0, "percent_statements_covered": 24.46808510638298, "percent_statements_covered_display": "24"}, "missing_lines": [25, 26, 27, 30, 39, 40, 41, 42, 43, 52, 63, 64, 86, 87, 90, 91, 93, 94, 95, 104, 114, 115, 117, 118, 120, 121, 122, 123, 124, 125, 126, 127, 129, 149, 150, 151, 160, 163, 164, 165, 166, 167, 168, 170, 172, 173, 175, 176, 177, 178, 179, 180, 181, 183, 204, 205, 206, 207, 224, 225, 226, 227, 228, 229, 230, 231, 232, 233, 239, 249, 257], "excluded_lines": [], "functions": {"_load_model": {"executed_lines": [], "summary": {"covered_lines": 0, "num_statements": 4, "percent_covered": 0.0, "percent_covered_display": "0", "missing_lines": 4, "excluded_lines": 0, "percent_statements_covered": 0.0, "percent_statements_covered_display": "0"}, "missing_lines": [25, 26, 27, 30], "excluded_lines": [], "start_line": 24}, "_load_model_features": {"executed_lines": [], "summary": {"covered_lines": 0, "num_statements": 5, "percent_covered": 0.0, "percent_covered_display": "0", "missing_lines": 5, "excluded_lines": 0, "percent_statements_covered": 0.0, "percent_statements_covered_display": "0"}, "missing_lines": [39, 40, 41, 42, 43], "excluded_lines": [], "start_line": 33}, "_get_commune_features": {"executed_lines": [], "summary": {"covered_lines": 0, "num_statements": 10, "percent_covered": 0.0, "percent_covered_display": "0", "missing_lines": 10, "excluded_lines": 0, "percent_statements_covered": 0.0, "percent_statements_covered_display": "0"}, "missing_lines": [52, 63, 64, 86, 87, 90, 91, 93, 94, 95], "excluded_lines": [], "start_line": 46}, "_get_lag_features": {"executed_lines": [], "summary": {"covered_lines": 0, "num_statements": 14, "percent_covered": 0.0, "percent_covered_display": "0", "missing_lines": 14, "excluded_lines": 0, "percent_statements_covered": 0.0, "percent_statements_covered_display": "0"}, "missing_lines": [104, 114, 115, 117, 118, 120, 121, 122, 123, 124, 125, 126, 127, 129], "excluded_lines": [], "start_line": 98}, "_children_from_housing": {"executed_lines": [], "summary": {"covered_lines": 0, "num_statements": 3, "percent_covered": 0.0, "percent_covered_display": "0", "missing_lines": 3, "excluded_lines": 0, "percent_statements_covered": 0.0, "percent_statements_covered_display": "0"}, "missing_lines": [149, 150, 151], "excluded_lines": [], "start_line": 132}, "predict_commune": {"executed_lines": [], "summary": {"covered_lines": 0, "num_statements": 18, "percent_covered": 0.0, "percent_covered_display": "0", "missing_lines": 18, "excluded_lines": 0, "percent_statements_covered": 0.0, "percent_statements_covered_display": "0"}, "missing_lines": [160, 163, 164, 165, 166, 167, 168, 170, 172, 173, 175, 176, 177, 178, 179, 180, 181, 183], "excluded_lines": [], "start_line": 154}, "predict_logement": {"executed_lines": [], "summary": {"covered_lines": 0, "num_statements": 4, "percent_covered": 0.0, "percent_covered_display": "0", "missing_lines": 4, "excluded_lines": 0, "percent_statements_covered": 0.0, "percent_statements_covered_display": "0"}, "missing_lines": [204, 205, 206, 207], "excluded_lines": [], "start_line": 198}, "predict_batch_csv": {"executed_lines": [], "summary": {"covered_lines": 0, "num_statements": 12, "percent_covered": 0.0, "percent_covered_display": "0", "missing_lines": 12, "excluded_lines": 0, "percent_statements_covered": 0.0, "percent_statements_covered_display": "0"}, "missing_lines": [224, 225, 226, 227, 228, 229, 230, 231, 232, 233, 239, 249], "excluded_lines": [], "start_line": 223}, "get_model_metadata": {"executed_lines": [253, 254, 255, 256, 258], "summary": {"covered_lines": 5, "num_statements": 6, "percent_covered": 83.33333333333333, "percent_covered_display": "83", "missing_lines": 1, "excluded_lines": 0, "percent_statements_covered": 83.33333333333333, "percent_statements_covered_display": "83"}, "missing_lines": [257], "excluded_lines": [], "start_line": 252}, "": {"executed_lines": [3, 5, 7, 8, 9, 11, 12, 13, 14, 24, 33, 46, 98, 132, 154, 198, 223, 252], "summary": {"covered_lines": 18, "num_statements": 18, "percent_covered": 100.0, "percent_covered_display": "100", "missing_lines": 0, "excluded_lines": 0, "percent_statements_covered": 100.0, "percent_statements_covered_display": "100"}, "missing_lines": [], "excluded_lines": [], "start_line": 1}}, "classes": {"": {"executed_lines": [3, 5, 7, 8, 9, 11, 12, 13, 14, 24, 33, 46, 98, 132, 154, 198, 223, 252, 253, 254, 255, 256, 258], "summary": {"covered_lines": 23, "num_statements": 94, "percent_covered": 24.46808510638298, "percent_covered_display": "24", "missing_lines": 71, "excluded_lines": 0, "percent_statements_covered": 24.46808510638298, "percent_statements_covered_display": "24"}, "missing_lines": [25, 26, 27, 30, 39, 40, 41, 42, 43, 52, 63, 64, 86, 87, 90, 91, 93, 94, 95, 104, 114, 115, 117, 118, 120, 121, 122, 123, 124, 125, 126, 127, 129, 149, 150, 151, 160, 163, 164, 165, 166, 167, 168, 170, 172, 173, 175, 176, 177, 178, 179, 180, 181, 183, 204, 205, 206, 207, 224, 225, 226, 227, 228, 229, 230, 231, 232, 233, 239, 249, 257], "excluded_lines": [], "start_line": 1}}}, "src\\p13\\ml\\train.py": {"executed_lines": [3, 5, 6, 8, 9, 10, 11, 12, 13, 14, 15, 16, 17, 18, 20, 21, 22, 28, 38, 45, 54, 73, 94, 114, 115, 116, 118, 122, 168, 182, 183, 184, 188, 190, 306], "summary": {"covered_lines": 35, "num_statements": 134, "percent_covered": 26.119402985074625, "percent_covered_display": "26", "missing_lines": 99, "excluded_lines": 0, "percent_statements_covered": 26.119402985074625, "percent_statements_covered_display": "26"}, "missing_lines": [39, 40, 41, 42, 46, 55, 96, 97, 98, 99, 100, 110, 111, 117, 119, 138, 140, 141, 142, 144, 146, 147, 155, 159, 161, 164, 165, 185, 186, 187, 191, 192, 195, 202, 203, 204, 205, 206, 207, 209, 210, 219, 223, 224, 226, 227, 228, 229, 230, 233, 234, 239, 240, 241, 242, 243, 244, 246, 249, 250, 251, 253, 254, 255, 256, 257, 258, 259, 260, 264, 265, 266, 267, 268, 269, 270, 272, 278, 279, 280, 281, 283, 284, 285, 296, 297, 299, 301, 302, 303, 307, 309, 310, 311, 312, 313, 314, 316, 322], "excluded_lines": [], "functions": {"_mape": {"executed_lines": [], "summary": {"covered_lines": 0, "num_statements": 4, "percent_covered": 0.0, "percent_covered_display": "0", "missing_lines": 4, "excluded_lines": 0, "percent_statements_covered": 0.0, "percent_statements_covered_display": "0"}, "missing_lines": [39, 40, 41, 42], "excluded_lines": [], "start_line": 38}, "_metrics": {"executed_lines": [], "summary": {"covered_lines": 0, "num_statements": 1, "percent_covered": 0.0, "percent_covered_display": "0", "missing_lines": 1, "excluded_lines": 0, "percent_statements_covered": 0.0, "percent_statements_covered_display": "0"}, "missing_lines": [46], "excluded_lines": [], "start_line": 45}, "get_model_candidates": {"executed_lines": [], "summary": {"covered_lines": 0, "num_statements": 1, "percent_covered": 0.0, "percent_covered_display": "0", "missing_lines": 1, "excluded_lines": 0, "percent_statements_covered": 0.0, "percent_statements_covered_display": "0"}, "missing_lines": [55], "excluded_lines": [], "start_line": 54}, "_tune_model": {"executed_lines": [], "summary": {"covered_lines": 0, "num_statements": 7, "percent_covered": 0.0, "percent_covered_display": "0", "missing_lines": 7, "excluded_lines": 0, "percent_statements_covered": 0.0, "percent_statements_covered_display": "0"}, "missing_lines": [96, 97, 98, 99, 100, 110, 111], "excluded_lines": [], "start_line": 94}, "load_training_data": {"executed_lines": [115, 116, 118], "summary": {"covered_lines": 3, "num_statements": 5, "percent_covered": 60.0, "percent_covered_display": "60", "missing_lines": 2, "excluded_lines": 0, "percent_statements_covered": 60.0, "percent_statements_covered_display": "60"}, "missing_lines": [117, 119], "excluded_lines": [], "start_line": 114}, "build_feature_matrix": {"executed_lines": [], "summary": {"covered_lines": 0, "num_statements": 12, "percent_covered": 0.0, "percent_covered_display": "0", "missing_lines": 12, "excluded_lines": 0, "percent_statements_covered": 0.0, "percent_statements_covered_display": "0"}, "missing_lines": [138, 140, 141, 142, 144, 146, 147, 155, 159, 161, 164, 165], "excluded_lines": [], "start_line": 122}, "train_all": {"executed_lines": [182, 183, 184, 188, 190], "summary": {"covered_lines": 5, "num_statements": 68, "percent_covered": 7.352941176470588, "percent_covered_display": "7", "missing_lines": 63, "excluded_lines": 0, "percent_statements_covered": 7.352941176470588, "percent_statements_covered_display": "7"}, "missing_lines": [185, 186, 187, 191, 192, 195, 202, 203, 204, 205, 206, 207, 209, 210, 219, 223, 224, 226, 227, 228, 229, 230, 233, 234, 239, 240, 241, 242, 243, 244, 246, 249, 250, 251, 253, 254, 255, 256, 257, 258, 259, 260, 264, 265, 266, 267, 268, 269, 270, 272, 278, 279, 280, 281, 283, 284, 285, 296, 297, 299, 301, 302, 303], "excluded_lines": [], "start_line": 168}, "": {"executed_lines": [3, 5, 6, 8, 9, 10, 11, 12, 13, 14, 15, 16, 17, 18, 20, 21, 22, 28, 38, 45, 54, 73, 94, 114, 122, 168, 306], "summary": {"covered_lines": 27, "num_statements": 36, "percent_covered": 75.0, "percent_covered_display": "75", "missing_lines": 9, "excluded_lines": 0, "percent_statements_covered": 75.0, "percent_statements_covered_display": "75"}, "missing_lines": [307, 309, 310, 311, 312, 313, 314, 316, 322], "excluded_lines": [], "start_line": 1}}, "classes": {"": {"executed_lines": [3, 5, 6, 8, 9, 10, 11, 12, 13, 14, 15, 16, 17, 18, 20, 21, 22, 28, 38, 45, 54, 73, 94, 114, 115, 116, 118, 122, 168, 182, 183, 184, 188, 190, 306], "summary": {"covered_lines": 35, "num_statements": 134, "percent_covered": 26.119402985074625, "percent_covered_display": "26", "missing_lines": 99, "excluded_lines": 0, "percent_statements_covered": 26.119402985074625, "percent_statements_covered_display": "26"}, "missing_lines": [39, 40, 41, 42, 46, 55, 96, 97, 98, 99, 100, 110, 111, 117, 119, 138, 140, 141, 142, 144, 146, 147, 155, 159, 161, 164, 165, 185, 186, 187, 191, 192, 195, 202, 203, 204, 205, 206, 207, 209, 210, 219, 223, 224, 226, 227, 228, 229, 230, 233, 234, 239, 240, 241, 242, 243, 244, 246, 249, 250, 251, 253, 254, 255, 256, 257, 258, 259, 260, 264, 265, 266, 267, 268, 269, 270, 272, 278, 279, 280, 281, 283, 284, 285, 296, 297, 299, 301, 302, 303, 307, 309, 310, 311, 312, 313, 314, 316, 322], "excluded_lines": [], "start_line": 1}}}}, "totals": {"covered_lines": 168, "num_statements": 352, "percent_covered": 47.72727272727273, "percent_covered_display": "48", "missing_lines": 184, "excluded_lines": 0, "percent_statements_covered": 47.72727272727273, "percent_statements_covered_display": "48"}}